<?xml version="1.0" encoding="UTF-8"?>
<!-- Generated by org.testng.reporters.JUnitReportReporter -->
<testsuite skipped="0" hostname="Chandan" name="com.crm.qa.testcases.LandingPageTest" tests="3" failures="0" timestamp="05 Mar 2020 06:40:36 GMT" time="31.920" errors="0">
  <testcase name="LandingPageTitleTest" time="7.506" classname="com.crm.qa.testcases.LandingPageTest"/>
  <testcase name="crmLogoTest" time="11.187" classname="com.crm.qa.testcases.LandingPageTest"/>
  <testcase name="ClickLoginButtonTest" time="13.227" classname="com.crm.qa.testcases.LandingPageTest"/>
</testsuite> <!-- com.crm.qa.testcases.LandingPageTest -->
