<?xml version="1.0" encoding="UTF-8"?>
<!-- Generated by org.testng.reporters.JUnitReportReporter -->
<testsuite skipped="0" hostname="Chandan" name="com.crm.qa.testcases.LoginPageTest" tests="2" failures="0" timestamp="05 Mar 2020 06:40:36 GMT" time="21.410" errors="0">
  <testcase name="pageTitleTest" time="10.428" classname="com.crm.qa.testcases.LoginPageTest"/>
  <testcase name="loginTest" time="10.982" classname="com.crm.qa.testcases.LoginPageTest"/>
</testsuite> <!-- com.crm.qa.testcases.LoginPageTest -->
