<?xml version="1.0" encoding="UTF-8"?>
<!-- Generated by org.testng.reporters.JUnitReportReporter -->
<testsuite skipped="0" hostname="Chandan" name="com.crm.qa.testcases.HomePageTest" tests="3" failures="0" timestamp="13 Mar 2020 09:21:38 GMT" time="55.583" errors="0">
  <testcase name="verifyHomePageTitleTest" time="24.642" classname="com.crm.qa.testcases.HomePageTest"/>
  <testcase name="verifyUserNameTest" time="16.738" classname="com.crm.qa.testcases.HomePageTest"/>
  <testcase name="clickContactTabTest" time="14.203" classname="com.crm.qa.testcases.HomePageTest"/>
</testsuite> <!-- com.crm.qa.testcases.HomePageTest -->
