<?xml version="1.0" encoding="UTF-8"?>
<!-- Generated by org.testng.reporters.JUnitReportReporter -->
<testsuite skipped="0" hostname="Chandan" name="com.crm.qa.testcases.HomePageTest" tests="3" failures="0" timestamp="13 Mar 2020 09:24:48 GMT" time="42.779" errors="0">
  <testcase name="verifyHomePageTitleTest" time="12.133" classname="com.crm.qa.testcases.HomePageTest"/>
  <testcase name="verifyUserNameTest" time="14.666" classname="com.crm.qa.testcases.HomePageTest"/>
  <testcase name="clickContactTabTest" time="15.980" classname="com.crm.qa.testcases.HomePageTest"/>
</testsuite> <!-- com.crm.qa.testcases.HomePageTest -->
