<?xml version="1.0" encoding="UTF-8"?>
<!-- Generated by org.testng.reporters.JUnitReportReporter -->
<testsuite skipped="0" hostname="Chandan" name="com.crm.qa.testcases.LandingPageTest" tests="3" failures="0" timestamp="13 Mar 2020 09:24:48 GMT" time="26.026" errors="0">
  <testcase name="LandingPageTitleTest" time="8.013" classname="com.crm.qa.testcases.LandingPageTest"/>
  <testcase name="crmLogoTest" time="7.778" classname="com.crm.qa.testcases.LandingPageTest"/>
  <testcase name="ClickLoginButtonTest" time="10.235" classname="com.crm.qa.testcases.LandingPageTest"/>
</testsuite> <!-- com.crm.qa.testcases.LandingPageTest -->
