<?xml version="1.0" encoding="UTF-8"?>
<!-- Generated by org.testng.reporters.JUnitReportReporter -->
<testsuite skipped="0" hostname="Chandan" name="com.crm.qa.testcases.LoginPageTest" tests="2" failures="0" timestamp="13 Mar 2020 09:24:48 GMT" time="26.131" errors="0">
  <testcase name="pageTitleTest" time="11.927" classname="com.crm.qa.testcases.LoginPageTest"/>
  <testcase name="loginTest" time="14.204" classname="com.crm.qa.testcases.LoginPageTest"/>
</testsuite> <!-- com.crm.qa.testcases.LoginPageTest -->
