<?xml version="1.0" encoding="UTF-8"?>
<!-- Generated by org.testng.reporters.JUnitReportReporter -->
<testsuite skipped="0" hostname="Chandan" name="com.crm.qa.testcases.ContactsPageTest" tests="4" failures="0" timestamp="13 Mar 2020 09:24:48 GMT" time="65.389" errors="0">
  <testcase name="verifyContactPageLabelTest" time="15.494" classname="com.crm.qa.testcases.ContactsPageTest"/>
  <testcase name="verifySingleSelectContactNameTest" time="16.519" classname="com.crm.qa.testcases.ContactsPageTest"/>
  <testcase name="verifyMulitiSelectContactNameTest" time="16.045" classname="com.crm.qa.testcases.ContactsPageTest"/>
  <testcase name="verifyDeletecontactTest" time="17.331" classname="com.crm.qa.testcases.ContactsPageTest"/>
</testsuite> <!-- com.crm.qa.testcases.ContactsPageTest -->
